# JRE version: OpenJDK Runtime Environment (17.0.6) (build 17.0.6+0-b2043.56-10027231)
# Java VM: OpenJDK 64-Bit Server VM (17.0.6+0-b2043.56-10027231, mixed mode, tiered, compressed oops, compressed class ptrs, g1 gc, windows-amd64)
GC Precious Log:
 CPUs: 4 total, 4 available
 Memory: 8083M
 Large Page Support: Disabled
 NUMA Support: Disabled
 Compressed Oops: Enabled (32-bit)
 Heap Region Size: 1M
 Heap Min Capacity: 8M
 Heap Initial Capacity: 128M
 Heap Max Capacity: 2G
 Pre-touch: Disabled
 Parallel Workers: 4
 Concurrent Workers: 1
 Concurrent Refinement Workers: 4
 Periodic GC: Disabled
Heap:
 garbage-first heap   total 247808K, used 152991K [0x0000000080000000, 0x0000000100000000)
  region size 1024K, 7 young (7168K), 5 survivors (5120K)
 Metaspace       used 104901K, committed 105664K, reserved 1146880K
  class space    used 13930K, committed 14272K, reserved 1048576K
GC Heap History (20 events):
Event: 35.385 GC heap before
{Heap before GC invocations=49 (full 0):
 garbage-first heap   total 174080K, used 139568K [0x0000000080000000, 0x0000000100000000)
  region size 1024K, 40 young (40960K), 3 survivors (3072K)
 Metaspace       used 82588K, committed 83328K, reserved 1122304K
  class space    used 11014K, committed 11328K, reserved 1048576K
}
Event: 35.398 GC heap after
{Heap after GC invocations=50 (full 0):
 garbage-first heap   total 174080K, used 107520K [0x0000000080000000, 0x0000000100000000)
  region size 1024K, 5 young (5120K), 5 survivors (5120K)
 Metaspace       used 82588K, committed 83328K, reserved 1122304K
  class space    used 11014K, committed 11328K, reserved 1048576K
}
Event: 37.133 GC heap before
{Heap before GC invocations=51 (full 0):
 garbage-first heap   total 186368K, used 161792K [0x0000000080000000, 0x0000000100000000)
  region size 1024K, 37 young (37888K), 5 survivors (5120K)
 Metaspace       used 86611K, committed 87360K, reserved 1130496K
  class space    used 11612K, committed 11968K, reserved 1048576K
}
Event: 37.148 GC heap after
{Heap after GC invocations=52 (full 0):
 garbage-first heap   total 186368K, used 136291K [0x0000000080000000, 0x0000000100000000)
  region size 1024K, 5 young (5120K), 5 survivors (5120K)
 Metaspace       used 86611K, committed 87360K, reserved 1130496K
  class space    used 11612K, committed 11968K, reserved 1048576K
}
Event: 37.289 GC heap before
{Heap before GC invocations=52 (full 0):
 garbage-first heap   total 186368K, used 139363K [0x0000000080000000, 0x0000000100000000)
  region size 1024K, 9 young (9216K), 5 survivors (5120K)
 Metaspace       used 86660K, committed 87424K, reserved 1130496K
  class space    used 11612K, committed 11968K, reserved 1048576K
}
Event: 37.301 GC heap after
{Heap after GC invocations=53 (full 0):
 garbage-first heap   total 186368K, used 137709K [0x0000000080000000, 0x0000000100000000)
  region size 1024K, 1 young (1024K), 1 survivors (1024K)
 Metaspace       used 86660K, committed 87424K, reserved 1130496K
  class space    used 11612K, committed 11968K, reserved 1048576K
}
Event: 37.889 GC heap before
{Heap before GC invocations=53 (full 0):
 garbage-first heap   total 186368K, used 157165K [0x0000000080000000, 0x0000000100000000)
  region size 1024K, 21 young (21504K), 1 survivors (1024K)
 Metaspace       used 87337K, committed 88064K, reserved 1130496K
  class space    used 11706K, committed 12032K, reserved 1048576K
}
Event: 37.895 GC heap after
{Heap after GC invocations=54 (full 0):
 garbage-first heap   total 186368K, used 138942K [0x0000000080000000, 0x0000000100000000)
  region size 1024K, 2 young (2048K), 2 survivors (2048K)
 Metaspace       used 87337K, committed 88064K, reserved 1130496K
  class space    used 11706K, committed 12032K, reserved 1048576K
}
Event: 39.136 GC heap before
{Heap before GC invocations=55 (full 0):
 garbage-first heap   total 235520K, used 158398K [0x0000000080000000, 0x0000000100000000)
  region size 1024K, 21 young (21504K), 2 survivors (2048K)
 Metaspace       used 90476K, committed 91136K, reserved 1130496K
  class space    used 12017K, committed 12352K, reserved 1048576K
}
Event: 39.144 GC heap after
{Heap after GC invocations=56 (full 0):
 garbage-first heap   total 235520K, used 139722K [0x0000000080000000, 0x0000000100000000)
  region size 1024K, 3 young (3072K), 3 survivors (3072K)
 Metaspace       used 90476K, committed 91136K, reserved 1130496K
  class space    used 12017K, committed 12352K, reserved 1048576K
}
Event: 39.491 GC heap before
{Heap before GC invocations=56 (full 0):
 garbage-first heap   total 235520K, used 147914K [0x0000000080000000, 0x0000000100000000)
  region size 1024K, 11 young (11264K), 3 survivors (3072K)
 Metaspace       used 91823K, committed 92608K, reserved 1130496K
  class space    used 12245K, committed 12608K, reserved 1048576K
}
Event: 39.500 GC heap after
{Heap after GC invocations=57 (full 0):
 garbage-first heap   total 235520K, used 139502K [0x0000000080000000, 0x0000000100000000)
  region size 1024K, 1 young (1024K), 1 survivors (1024K)
 Metaspace       used 91823K, committed 92608K, reserved 1130496K
  class space    used 12245K, committed 12608K, reserved 1048576K
}
Event: 42.852 GC heap before
{Heap before GC invocations=57 (full 0):
 garbage-first heap   total 235520K, used 194798K [0x0000000080000000, 0x0000000100000000)
  region size 1024K, 55 young (56320K), 1 survivors (1024K)
 Metaspace       used 99349K, committed 100032K, reserved 1138688K
  class space    used 13268K, committed 13568K, reserved 1048576K
}
Event: 42.867 GC heap after
{Heap after GC invocations=58 (full 0):
 garbage-first heap   total 235520K, used 143900K [0x0000000080000000, 0x0000000100000000)
  region size 1024K, 6 young (6144K), 6 survivors (6144K)
 Metaspace       used 99349K, committed 100032K, reserved 1138688K
  class space    used 13268K, committed 13568K, reserved 1048576K
}
Event: 45.381 GC heap before
{Heap before GC invocations=59 (full 0):
 garbage-first heap   total 247808K, used 192028K [0x0000000080000000, 0x0000000100000000)
  region size 1024K, 54 young (55296K), 6 survivors (6144K)
 Metaspace       used 100490K, committed 101248K, reserved 1138688K
  class space    used 13356K, committed 13696K, reserved 1048576K
}
Event: 45.399 GC heap after
{Heap after GC invocations=60 (full 0):
 garbage-first heap   total 247808K, used 148538K [0x0000000080000000, 0x0000000100000000)
  region size 1024K, 5 young (5120K), 5 survivors (5120K)
 Metaspace       used 100490K, committed 101248K, reserved 1138688K
  class space    used 13356K, committed 13696K, reserved 1048576K
}
Event: 45.719 GC heap before
{Heap before GC invocations=60 (full 0):
 garbage-first heap   total 247808K, used 154682K [0x0000000080000000, 0x0000000100000000)
  region size 1024K, 12 young (12288K), 5 survivors (5120K)
 Metaspace       used 100632K, committed 101376K, reserved 1138688K
  class space    used 13368K, committed 13696K, reserved 1048576K
}
Event: 45.727 GC heap after
{Heap after GC invocations=61 (full 0):
 garbage-first heap   total 247808K, used 148666K [0x0000000080000000, 0x0000000100000000)
  region size 1024K, 1 young (1024K), 1 survivors (1024K)
 Metaspace       used 100632K, committed 101376K, reserved 1138688K
  class space    used 13368K, committed 13696K, reserved 1048576K
}
Event: 48.211 GC heap before
{Heap before GC invocations=61 (full 0):
 garbage-first heap   total 247808K, used 203962K [0x0000000080000000, 0x0000000100000000)
  region size 1024K, 56 young (57344K), 1 survivors (1024K)
 Metaspace       used 104806K, committed 105600K, reserved 1146880K
  class space    used 13915K, committed 14272K, reserved 1048576K
}
Event: 48.223 GC heap after
{Heap after GC invocations=62 (full 0):
 garbage-first heap   total 247808K, used 151967K [0x0000000080000000, 0x0000000100000000)
  region size 1024K, 5 young (5120K), 5 survivors (5120K)
 Metaspace       used 104806K, committed 105600K, reserved 1146880K
  class space    used 13915K, committed 14272K, reserved 1048576K
}

